28-Jul-2022 09:44:29.420 INFO [main] org.apache.catalina.startup.VersionLoggerListener.log Nombre de la versión del servidor: Apache Tomcat/10.1.0-M17
28-Jul-2022 09:44:29.423 INFO [main] org.apache.catalina.startup.VersionLoggerListener.log Server built:                      Jul 13 2022 18:51:03 UTC
28-Jul-2022 09:44:29.424 INFO [main] org.apache.catalina.startup.VersionLoggerListener.log Número de versión de servidor:     10.1.0.0
28-Jul-2022 09:44:29.424 INFO [main] org.apache.catalina.startup.VersionLoggerListener.log OS Name:                           Windows 10
28-Jul-2022 09:44:29.424 INFO [main] org.apache.catalina.startup.VersionLoggerListener.log Versión de Systema Operativo:      10.0
28-Jul-2022 09:44:29.424 INFO [main] org.apache.catalina.startup.VersionLoggerListener.log Arquitectura:                      amd64
28-Jul-2022 09:44:29.424 INFO [main] org.apache.catalina.startup.VersionLoggerListener.log Java Home:                         C:\Program Files\Java\jdk-17.0.1
28-Jul-2022 09:44:29.424 INFO [main] org.apache.catalina.startup.VersionLoggerListener.log JVM Version:                       17.0.1+12-LTS-39
28-Jul-2022 09:44:29.424 INFO [main] org.apache.catalina.startup.VersionLoggerListener.log Vededor JVM:                       Oracle Corporation
28-Jul-2022 09:44:29.424 INFO [main] org.apache.catalina.startup.VersionLoggerListener.log CATALINA_BASE:                     C:\Users\Florencia\Documents\integradorArPrograma\Backend\apache-tomcat-10.1.0-M17
28-Jul-2022 09:44:29.425 INFO [main] org.apache.catalina.startup.VersionLoggerListener.log CATALINA_HOME:                     C:\Users\Florencia\Documents\integradorArPrograma\Backend\apache-tomcat-10.1.0-M17
28-Jul-2022 09:44:29.429 INFO [main] org.apache.catalina.startup.VersionLoggerListener.log Command line argument:             --add-opens=java.base/java.lang=ALL-UNNAMED
28-Jul-2022 09:44:29.429 INFO [main] org.apache.catalina.startup.VersionLoggerListener.log Command line argument:             --add-opens=java.base/java.io=ALL-UNNAMED
28-Jul-2022 09:44:29.429 INFO [main] org.apache.catalina.startup.VersionLoggerListener.log Command line argument:             --add-opens=java.base/java.util=ALL-UNNAMED
28-Jul-2022 09:44:29.430 INFO [main] org.apache.catalina.startup.VersionLoggerListener.log Command line argument:             --add-opens=java.base/java.util.concurrent=ALL-UNNAMED
28-Jul-2022 09:44:29.430 INFO [main] org.apache.catalina.startup.VersionLoggerListener.log Command line argument:             --add-opens=java.rmi/sun.rmi.transport=ALL-UNNAMED
28-Jul-2022 09:44:29.430 INFO [main] org.apache.catalina.startup.VersionLoggerListener.log Command line argument:             -Djava.util.logging.config.file=C:\Users\Florencia\Documents\integradorArPrograma\Backend\apache-tomcat-10.1.0-M17\conf\logging.properties
28-Jul-2022 09:44:29.430 INFO [main] org.apache.catalina.startup.VersionLoggerListener.log Command line argument:             -Djava.util.logging.manager=org.apache.juli.ClassLoaderLogManager
28-Jul-2022 09:44:29.431 INFO [main] org.apache.catalina.startup.VersionLoggerListener.log Command line argument:             -Djdk.tls.ephemeralDHKeySize=2048
28-Jul-2022 09:44:29.431 INFO [main] org.apache.catalina.startup.VersionLoggerListener.log Command line argument:             -Djava.protocol.handler.pkgs=org.apache.catalina.webresources
28-Jul-2022 09:44:29.431 INFO [main] org.apache.catalina.startup.VersionLoggerListener.log Command line argument:             -Dcatalina.base=C:\Users\Florencia\Documents\integradorArPrograma\Backend\apache-tomcat-10.1.0-M17
28-Jul-2022 09:44:29.431 INFO [main] org.apache.catalina.startup.VersionLoggerListener.log Command line argument:             -Dcatalina.home=C:\Users\Florencia\Documents\integradorArPrograma\Backend\apache-tomcat-10.1.0-M17
28-Jul-2022 09:44:29.432 INFO [main] org.apache.catalina.startup.VersionLoggerListener.log Command line argument:             -Djava.io.tmpdir=C:\Users\Florencia\Documents\integradorArPrograma\Backend\apache-tomcat-10.1.0-M17\temp
28-Jul-2022 09:44:29.434 INFO [main] org.apache.catalina.core.AprLifecycleListener.lifecycleEvent Cargada la biblioteca nativa APR de Apache Tomcat [2.0.1] con la versión APR [1.7.0].
28-Jul-2022 09:44:29.438 INFO [main] org.apache.catalina.core.AprLifecycleListener.initializeSSL OpenSSL inicializado correctamente [OpenSSL 3.0.5 5 Jul 2022]
28-Jul-2022 09:44:29.599 INFO [main] org.apache.coyote.AbstractProtocol.init Inicializando el manejador de protocolo ["http-nio-8080"]

28-Jul-2022 09:44:29.616 INFO [main] org.apache.catalina.startup.Catalina.load Server initialization in [330] milliseconds
28-Jul-2022 09:44:29.651 INFO [main] org.apache.catalina.core.StandardService.startInternal Arrancando servicio [Catalina]
28-Jul-2022 09:44:29.652 INFO [main] org.apache.catalina.core.StandardEngine.startInternal Starting Servlet engine: [Apache Tomcat/10.1.0-M17]
28-Jul-2022 09:44:29.662 INFO [main] org.apache.catalina.startup.HostConfig.deployDirectory Desplegando el directorio [C:\Users\Florencia\Documents\integradorArPrograma\Backend\apache-tomcat-10.1.0-M17\webapps\docs] de la aplicación web
28-Jul-2022 09:44:29.913 INFO [main] org.apache.catalina.startup.HostConfig.deployDirectory Deployment of web application directory [C:\Users\Florencia\Documents\integradorArPrograma\Backend\apache-tomcat-10.1.0-M17\webapps\docs] has finished in [249] ms
28-Jul-2022 09:44:29.914 INFO [main] org.apache.catalina.startup.HostConfig.deployDirectory Desplegando el directorio [C:\Users\Florencia\Documents\integradorArPrograma\Backend\apache-tomcat-10.1.0-M17\webapps\examples] de la aplicación web
28-Jul-2022 09:44:30.255 INFO [main] org.apache.catalina.startup.HostConfig.deployDirectory Deployment of web application directory [C:\Users\Florencia\Documents\integradorArPrograma\Backend\apache-tomcat-10.1.0-M17\webapps\examples] has finished in [340] ms
28-Jul-2022 09:44:30.255 INFO [main] org.apache.catalina.startup.HostConfig.deployDirectory Desplegando el directorio [C:\Users\Florencia\Documents\integradorArPrograma\Backend\apache-tomcat-10.1.0-M17\webapps\host-manager] de la aplicación web
28-Jul-2022 09:44:30.294 INFO [main] org.apache.catalina.startup.HostConfig.deployDirectory Deployment of web application directory [C:\Users\Florencia\Documents\integradorArPrograma\Backend\apache-tomcat-10.1.0-M17\webapps\host-manager] has finished in [39] ms
28-Jul-2022 09:44:30.294 INFO [main] org.apache.catalina.startup.HostConfig.deployDirectory Desplegando el directorio [C:\Users\Florencia\Documents\integradorArPrograma\Backend\apache-tomcat-10.1.0-M17\webapps\manager] de la aplicación web
28-Jul-2022 09:44:30.330 INFO [main] org.apache.catalina.startup.HostConfig.deployDirectory Deployment of web application directory [C:\Users\Florencia\Documents\integradorArPrograma\Backend\apache-tomcat-10.1.0-M17\webapps\manager] has finished in [36] ms
28-Jul-2022 09:44:30.330 INFO [main] org.apache.catalina.startup.HostConfig.deployDirectory Desplegando el directorio [C:\Users\Florencia\Documents\integradorArPrograma\Backend\apache-tomcat-10.1.0-M17\webapps\ROOT] de la aplicación web
28-Jul-2022 09:44:30.350 INFO [main] org.apache.catalina.startup.HostConfig.deployDirectory Deployment of web application directory [C:\Users\Florencia\Documents\integradorArPrograma\Backend\apache-tomcat-10.1.0-M17\webapps\ROOT] has finished in [20] ms
28-Jul-2022 09:44:30.353 INFO [main] org.apache.coyote.AbstractProtocol.start Starting ProtocolHandler ["http-nio-8080"]
28-Jul-2022 09:44:30.399 INFO [main] org.apache.catalina.startup.Catalina.start Server startup in [783] milliseconds
28-Jul-2022 09:46:20.794 INFO [main] org.apache.catalina.startup.VersionLoggerListener.log Nombre de la versión del servidor: Apache Tomcat/10.1.0-M17
28-Jul-2022 09:46:20.797 INFO [main] org.apache.catalina.startup.VersionLoggerListener.log Server built:                      Jul 13 2022 18:51:03 UTC
28-Jul-2022 09:46:20.798 INFO [main] org.apache.catalina.startup.VersionLoggerListener.log Número de versión de servidor:     10.1.0.0
28-Jul-2022 09:46:20.798 INFO [main] org.apache.catalina.startup.VersionLoggerListener.log OS Name:                           Windows 10
28-Jul-2022 09:46:20.798 INFO [main] org.apache.catalina.startup.VersionLoggerListener.log Versión de Systema Operativo:      10.0
28-Jul-2022 09:46:20.798 INFO [main] org.apache.catalina.startup.VersionLoggerListener.log Arquitectura:                      amd64
28-Jul-2022 09:46:20.798 INFO [main] org.apache.catalina.startup.VersionLoggerListener.log Java Home:                         C:\Program Files\Java\jdk-17.0.1
28-Jul-2022 09:46:20.798 INFO [main] org.apache.catalina.startup.VersionLoggerListener.log JVM Version:                       17.0.1+12-LTS-39
28-Jul-2022 09:46:20.798 INFO [main] org.apache.catalina.startup.VersionLoggerListener.log Vededor JVM:                       Oracle Corporation
28-Jul-2022 09:46:20.799 INFO [main] org.apache.catalina.startup.VersionLoggerListener.log CATALINA_BASE:                     C:\Users\Florencia\Documents\integradorArPrograma\Backend\apache-tomcat-10.1.0-M17
28-Jul-2022 09:46:20.799 INFO [main] org.apache.catalina.startup.VersionLoggerListener.log CATALINA_HOME:                     C:\Users\Florencia\Documents\integradorArPrograma\Backend\apache-tomcat-10.1.0-M17
28-Jul-2022 09:46:20.805 INFO [main] org.apache.catalina.startup.VersionLoggerListener.log Command line argument:             --add-opens=java.base/java.lang=ALL-UNNAMED
28-Jul-2022 09:46:20.805 INFO [main] org.apache.catalina.startup.VersionLoggerListener.log Command line argument:             --add-opens=java.base/java.io=ALL-UNNAMED
28-Jul-2022 09:46:20.806 INFO [main] org.apache.catalina.startup.VersionLoggerListener.log Command line argument:             --add-opens=java.base/java.util=ALL-UNNAMED
28-Jul-2022 09:46:20.806 INFO [main] org.apache.catalina.startup.VersionLoggerListener.log Command line argument:             --add-opens=java.base/java.util.concurrent=ALL-UNNAMED
28-Jul-2022 09:46:20.806 INFO [main] org.apache.catalina.startup.VersionLoggerListener.log Command line argument:             --add-opens=java.rmi/sun.rmi.transport=ALL-UNNAMED
28-Jul-2022 09:46:20.806 INFO [main] org.apache.catalina.startup.VersionLoggerListener.log Command line argument:             -Djava.util.logging.config.file=C:\Users\Florencia\Documents\integradorArPrograma\Backend\apache-tomcat-10.1.0-M17\conf\logging.properties
28-Jul-2022 09:46:20.806 INFO [main] org.apache.catalina.startup.VersionLoggerListener.log Command line argument:             -Djava.util.logging.manager=org.apache.juli.ClassLoaderLogManager
28-Jul-2022 09:46:20.807 INFO [main] org.apache.catalina.startup.VersionLoggerListener.log Command line argument:             -Djdk.tls.ephemeralDHKeySize=2048
28-Jul-2022 09:46:20.807 INFO [main] org.apache.catalina.startup.VersionLoggerListener.log Command line argument:             -Djava.protocol.handler.pkgs=org.apache.catalina.webresources
28-Jul-2022 09:46:20.807 INFO [main] org.apache.catalina.startup.VersionLoggerListener.log Command line argument:             -Dcatalina.base=C:\Users\Florencia\Documents\integradorArPrograma\Backend\apache-tomcat-10.1.0-M17
28-Jul-2022 09:46:20.807 INFO [main] org.apache.catalina.startup.VersionLoggerListener.log Command line argument:             -Dcatalina.home=C:\Users\Florencia\Documents\integradorArPrograma\Backend\apache-tomcat-10.1.0-M17
28-Jul-2022 09:46:20.808 INFO [main] org.apache.catalina.startup.VersionLoggerListener.log Command line argument:             -Djava.io.tmpdir=C:\Users\Florencia\Documents\integradorArPrograma\Backend\apache-tomcat-10.1.0-M17\temp
28-Jul-2022 09:46:20.809 INFO [main] org.apache.catalina.core.AprLifecycleListener.lifecycleEvent Cargada la biblioteca nativa APR de Apache Tomcat [2.0.1] con la versión APR [1.7.0].
28-Jul-2022 09:46:20.814 INFO [main] org.apache.catalina.core.AprLifecycleListener.initializeSSL OpenSSL inicializado correctamente [OpenSSL 3.0.5 5 Jul 2022]
28-Jul-2022 09:46:20.976 INFO [main] org.apache.coyote.AbstractProtocol.init Inicializando el manejador de protocolo ["http-nio-8080"]

28-Jul-2022 09:46:20.993 INFO [main] org.apache.catalina.startup.Catalina.load Server initialization in [327] milliseconds
28-Jul-2022 09:46:21.025 INFO [main] org.apache.catalina.core.StandardService.startInternal Arrancando servicio [Catalina]
28-Jul-2022 09:46:21.025 INFO [main] org.apache.catalina.core.StandardEngine.startInternal Starting Servlet engine: [Apache Tomcat/10.1.0-M17]
28-Jul-2022 09:46:21.032 INFO [main] org.apache.catalina.startup.HostConfig.deployDirectory Desplegando el directorio [C:\Users\Florencia\Documents\integradorArPrograma\Backend\apache-tomcat-10.1.0-M17\webapps\docs] de la aplicación web
28-Jul-2022 09:46:21.263 INFO [main] org.apache.catalina.startup.HostConfig.deployDirectory Deployment of web application directory [C:\Users\Florencia\Documents\integradorArPrograma\Backend\apache-tomcat-10.1.0-M17\webapps\docs] has finished in [229] ms
28-Jul-2022 09:46:21.263 INFO [main] org.apache.catalina.startup.HostConfig.deployDirectory Desplegando el directorio [C:\Users\Florencia\Documents\integradorArPrograma\Backend\apache-tomcat-10.1.0-M17\webapps\examples] de la aplicación web
28-Jul-2022 09:46:21.588 INFO [main] org.apache.catalina.startup.HostConfig.deployDirectory Deployment of web application directory [C:\Users\Florencia\Documents\integradorArPrograma\Backend\apache-tomcat-10.1.0-M17\webapps\examples] has finished in [325] ms
28-Jul-2022 09:46:21.588 INFO [main] org.apache.catalina.startup.HostConfig.deployDirectory Desplegando el directorio [C:\Users\Florencia\Documents\integradorArPrograma\Backend\apache-tomcat-10.1.0-M17\webapps\host-manager] de la aplicación web
28-Jul-2022 09:46:21.619 INFO [main] org.apache.catalina.startup.HostConfig.deployDirectory Deployment of web application directory [C:\Users\Florencia\Documents\integradorArPrograma\Backend\apache-tomcat-10.1.0-M17\webapps\host-manager] has finished in [31] ms
28-Jul-2022 09:46:21.619 INFO [main] org.apache.catalina.startup.HostConfig.deployDirectory Desplegando el directorio [C:\Users\Florencia\Documents\integradorArPrograma\Backend\apache-tomcat-10.1.0-M17\webapps\manager] de la aplicación web
28-Jul-2022 09:46:21.650 INFO [main] org.apache.catalina.startup.HostConfig.deployDirectory Deployment of web application directory [C:\Users\Florencia\Documents\integradorArPrograma\Backend\apache-tomcat-10.1.0-M17\webapps\manager] has finished in [31] ms
28-Jul-2022 09:46:21.666 INFO [main] org.apache.catalina.startup.HostConfig.deployDirectory Desplegando el directorio [C:\Users\Florencia\Documents\integradorArPrograma\Backend\apache-tomcat-10.1.0-M17\webapps\ROOT] de la aplicación web
28-Jul-2022 09:46:21.682 INFO [main] org.apache.catalina.startup.HostConfig.deployDirectory Deployment of web application directory [C:\Users\Florencia\Documents\integradorArPrograma\Backend\apache-tomcat-10.1.0-M17\webapps\ROOT] has finished in [16] ms
28-Jul-2022 09:46:21.686 INFO [main] org.apache.coyote.AbstractProtocol.start Starting ProtocolHandler ["http-nio-8080"]
28-Jul-2022 09:46:21.718 INFO [main] org.apache.catalina.startup.Catalina.start Server startup in [728] milliseconds
